2026-05-01 14:50:40,430 - INFO - Connected to Binance Futures Testnet successfully
2026-05-01 14:52:33,240 - INFO - Connected to Binance Futures Testnet successfully
2026-05-01 14:53:41,140 - INFO - Connected to Binance Futures Testnet successfully
2026-05-01 14:54:24,770 - INFO - Connected to Binance Futures Testnet successfully
2026-05-01 14:54:24,779 - INFO - Placing order: BTCUSDT | BUY | MARKET | Qty: 0.001 | Price: None
2026-05-01 14:54:25,090 - ERROR - Binance API Error: APIError(code=-2015): Invalid API-key, IP, or permissions for action
2026-05-01 14:54:31,908 - INFO - Connected to Binance Futures Testnet successfully
2026-05-01 14:54:31,927 - INFO - Placing order: BTCUSDT | BUY | MARKET | Qty: 0.001 | Price: None
2026-05-01 14:54:32,416 - ERROR - Binance API Error: APIError(code=-2015): Invalid API-key, IP, or permissions for action
2026-05-01 15:03:50,621 - INFO - Connected to Binance Futures Testnet successfully
2026-05-01 15:03:50,637 - INFO - Placing order: BTCUSDT | BUY | MARKET | Qty: 0.001 | Price: None
2026-05-01 15:03:51,130 - INFO - Order response: {'orderId': 13096043597, 'symbol': 'BTCUSDT', 'status': 'NEW', 'clientOrderId': 'x-Cb7ytekJb2b4d72417951ec38abf56', 'price': '0.00', 'avgPrice': '0.00', 'origQty': '0.0010', 'executedQty': '0.0000', 'cumQty': '0.0000', 'cumQuote': '0.000000', 'timeInForce': 'GTC', 'type': 'MARKET', 'reduceOnly': False, 'closePosition': False, 'side': 'BUY', 'positionSide': 'BOTH', 'stopPrice': '0.00', 'workingType': 'CONTRACT_PRICE', 'priceProtect': False, 'origType': 'MARKET', 'priceMatch': 'NONE', 'selfTradePreventionMode': 'EXPIRE_MAKER', 'goodTillDate': 0, 'updateTime': 1777628033471}
2026-05-01 15:05:35,435 - INFO - Connected to Binance Futures Testnet successfully
2026-05-01 15:05:35,456 - INFO - Placing order: BTCUSDT | SELL | LIMIT | Qty: 0.001 | Price: 120000.0
2026-05-01 15:05:35,769 - INFO - Order response: {'orderId': 13096048009, 'symbol': 'BTCUSDT', 'status': 'NEW', 'clientOrderId': 'x-Cb7ytekJ2836e017175975c18af80b', 'price': '120000.00', 'avgPrice': '0.00', 'origQty': '0.0010', 'executedQty': '0.0000', 'cumQty': '0.0000', 'cumQuote': '0.000000', 'timeInForce': 'GTC', 'type': 'LIMIT', 'reduceOnly': False, 'closePosition': False, 'side': 'SELL', 'positionSide': 'BOTH', 'stopPrice': '0.00', 'workingType': 'CONTRACT_PRICE', 'priceProtect': False, 'origType': 'LIMIT', 'priceMatch': 'NONE', 'selfTradePreventionMode': 'EXPIRE_MAKER', 'goodTillDate': 0, 'updateTime': 1777628138110}
2026-05-01 15:09:13,149 - INFO - Connected to Binance Futures Testnet successfully
2026-05-01 15:09:13,164 - INFO - Placing order: BTCUSDT | BUY | MARKET | Qty: 0.001 | Price: None
2026-05-01 15:09:14,029 - INFO - Order response: {'orderId': 13096058337, 'symbol': 'BTCUSDT', 'status': 'NEW', 'clientOrderId': 'x-Cb7ytekJ2306e7d5e891390833936d', 'price': '0.00', 'avgPrice': '0.00', 'origQty': '0.0010', 'executedQty': '0.0000', 'cumQty': '0.0000', 'cumQuote': '0.000000', 'timeInForce': 'GTC', 'type': 'MARKET', 'reduceOnly': False, 'closePosition': False, 'side': 'BUY', 'positionSide': 'BOTH', 'stopPrice': '0.00', 'workingType': 'CONTRACT_PRICE', 'priceProtect': False, 'origType': 'MARKET', 'priceMatch': 'NONE', 'selfTradePreventionMode': 'EXPIRE_MAKER', 'goodTillDate': 0, 'updateTime': 1777628356290}
2026-05-01 15:11:18,391 - INFO - Connected to Binance Futures Testnet successfully
2026-05-01 15:11:18,413 - INFO - Placing order: BTCUSDT | BUY | STOP_MARKET | Qty: 0.001 | Price: 120000.0
2026-05-01 15:11:19,181 - INFO - Order response: {'algoId': 1000000062878344, 'clientAlgoId': 'x-Cb7ytekJ971189ad8c29b95e142359', 'algoType': 'CONDITIONAL', 'orderType': 'STOP_MARKET', 'symbol': 'BTCUSDT', 'side': 'BUY', 'positionSide': 'BOTH', 'timeInForce': 'GTC', 'quantity': '0.0010', 'algoStatus': 'NEW', 'triggerPrice': '120000.00', 'price': '0.00', 'icebergQuantity': None, 'selfTradePreventionMode': 'EXPIRE_MAKER', 'workingType': 'CONTRACT_PRICE', 'priceMatch': 'NONE', 'closePosition': False, 'priceProtect': False, 'reduceOnly': False, 'createTime': 1777628481294, 'updateTime': 1777628481309, 'triggerTime': 0, 'goodTillDate': 0}
2026-05-01 15:12:15,726 - INFO - Connected to Binance Futures Testnet successfully
2026-05-01 15:12:15,755 - INFO - Placing order: BTCUSDT | BUY | STOP_MARKET | Qty: 0.001 | Price: 120000.0
2026-05-01 15:12:16,385 - INFO - Order response: {'algoId': 1000000062878950, 'clientAlgoId': 'x-Cb7ytekJ1516a0a972d3174a472cdc', 'algoType': 'CONDITIONAL', 'orderType': 'STOP_MARKET', 'symbol': 'BTCUSDT', 'side': 'BUY', 'positionSide': 'BOTH', 'timeInForce': 'GTC', 'quantity': '0.0010', 'algoStatus': 'NEW', 'triggerPrice': '120000.00', 'price': '0.00', 'icebergQuantity': None, 'selfTradePreventionMode': 'EXPIRE_MAKER', 'workingType': 'CONTRACT_PRICE', 'priceMatch': 'NONE', 'closePosition': False, 'priceProtect': False, 'reduceOnly': False, 'createTime': 1777628538661, 'updateTime': 1777628538666, 'triggerTime': 0, 'goodTillDate': 0}
